#
# There is insufficient memory for the Java Runtime Environment to continue.
# Native memory allocation (malloc) failed to allocate 1124336 bytes. Error detail: Chunk::new
# Possible reasons:
#   The system is out of physical RAM or swap space
#   This process is running with CompressedOops enabled, and the Java Heap may be blocking the growth of the native heap
# Possible solutions:
#   Reduce memory load on the system
#   Increase physical memory or swap space
#   Check if swap backing store is full
#   Decrease Java heap size (-Xmx/-Xms)
#   Decrease number of Java threads
#   Decrease Java thread stack sizes (-Xss)
#   Set larger code cache with -XX:ReservedCodeCacheSize=
#   JVM is running with Unscaled Compressed Oops mode in which the Java heap is
#     placed in the first 4GB address space. The Java Heap base address is the
#     maximum limit for the native heap growth. Please use -XX:HeapBaseMinAddress
#     to set the Java Heap base and to place the Java Heap above 4GB virtual address.
# This output file may be truncated or incomplete.
#
#  Out of Memory Error (arena.cpp:168), pid=21636, tid=4572
#
# JRE version: OpenJDK Runtime Environment Temurin-21.0.6+7 (21.0.6+7) (build 21.0.6+7-LTS)
# Java VM: OpenJDK 64-Bit Server VM Temurin-21.0.6+7 (21.0.6+7-LTS, mixed mode, sharing, tiered, compressed oops, compressed class ptrs, parallel gc, windows-amd64)
# No core dump will be written. Minidumps are not enabled by default on client versions of Windows
#

---------------  S U M M A R Y ------------

Command Line: --add-modules=ALL-SYSTEM --add-opens=java.base/java.util=ALL-UNNAMED --add-opens=java.base/java.lang=ALL-UNNAMED --add-opens=java.base/sun.nio.fs=ALL-UNNAMED -Declipse.application=org.eclipse.jdt.ls.core.id1 -Dosgi.bundles.defaultStartLevel=4 -Declipse.product=org.eclipse.jdt.ls.core.product -Djava.import.generatesMetadataFilesAtProjectRoot=false -DDetectVMInstallationsJob.disabled=true -Dfile.encoding=utf8 -XX:+UseParallelGC -XX:GCTimeRatio=4 -XX:AdaptiveSizePolicyWeight=90 -Dsun.zip.disableMemoryMapping=true -Xmx2G -Xms100m -Xlog:disable -javaagent:c:\Users\kocot\.vscode\extensions\redhat.java-1.41.1-win32-x64\lombok\lombok-1.18.36.jar -XX:+HeapDumpOnOutOfMemoryError -XX:HeapDumpPath=c:\Users\kocot\AppData\Roaming\Code\User\workspaceStorage\6d4e939d2e3e89f7fafb729440e9989e\redhat.java -Daether.dependencyCollector.impl=bf c:\Users\kocot\.vscode\extensions\redhat.java-1.41.1-win32-x64\server\plugins\org.eclipse.equinox.launcher_1.7.0.v20250331-1702.jar -configuration c:\Users\kocot\AppData\Roaming\Code\User\globalStorage\redhat.java\1.41.1\config_win -data c:\Users\kocot\AppData\Roaming\Code\User\workspaceStorage\6d4e939d2e3e89f7fafb729440e9989e\redhat.java\jdt_ws --pipe=\\.\pipe\lsp-c75418ead213dce69821fed2ff4031d4-sock

Host: 12th Gen Intel(R) Core(TM) i7-12700H, 20 cores, 31G,  Windows 11 , 64 bit Build 26100 (10.0.26100.3323)
Time: Wed Apr  9 00:14:48 2025 SE Asia Standard Time elapsed time: 174911.086299 seconds (2d 0h 35m 11s)

---------------  T H R E A D  ---------------

Current thread (0x000002527b797200):  JavaThread "C2 CompilerThread0" daemon [_thread_in_native, id=4572, stack(0x0000009648000000,0x0000009648100000) (1024K)]


Current CompileTask:
C2:174911086 38476       4       org.eclipse.jdt.internal.compiler.parser.Scanner::internalScanIdentifierOrKeyword (5081 bytes)

Stack: [0x0000009648000000,0x0000009648100000]
Native frames: (J=compiled Java code, j=interpreted, Vv=VM code, C=native code)
V  [jvm.dll+0x6cdee9]
V  [jvm.dll+0x8a83d1]
V  [jvm.dll+0x8aa8fe]
V  [jvm.dll+0x8aafe3]
V  [jvm.dll+0x27f706]
V  [jvm.dll+0xc500d]
V  [jvm.dll+0xc5543]
V  [jvm.dll+0x3b6752]
V  [jvm.dll+0x382935]
V  [jvm.dll+0x381d9a]
V  [jvm.dll+0x2479f0]
V  [jvm.dll+0x246fcf]
V  [jvm.dll+0x1c75ee]
V  [jvm.dll+0x25685a]
V  [jvm.dll+0x254dfa]
V  [jvm.dll+0x3f0256]
V  [jvm.dll+0x851f8b]
V  [jvm.dll+0x6cc5ed]
C  [ucrtbase.dll+0x37b0]
C  [KERNEL32.DLL+0x2e8d7]
C  [ntdll.dll+0xbbf6c]


---------------  P R O C E S S  ---------------

Threads class SMR info:
_java_thread_list=0x000002527dd99fb0, length=79, elements={
0x000002527279f250, 0x000002527274e860, 0x000002527b758750, 0x000002527b75d030,
0x000002527b77edd0, 0x000002527b782210, 0x000002527b7885f0, 0x000002527b797200,
0x000002527b79b170, 0x000002527b92ec00, 0x000002527d4d7610, 0x000002527ded3fc0,
0x000002527dc9f290, 0x000002527dc71530, 0x000002527e174830, 0x000002527e79d6b0,
0x000002527ddfbad0, 0x000002527df6cea0, 0x000002527df6c810, 0x000002527df6c180,
0x000002527df6add0, 0x000002527df6baf0, 0x000002525570faf0, 0x000002525570edd0,
0x000002525570c670, 0x000002525570cd00, 0x000002525570d390, 0x000002525570f460,
0x000002525570da20, 0x000002525570e0b0, 0x000002525570e740, 0x00000252574ca6b0,
0x00000252574c9990, 0x00000252574c9300, 0x00000252574c85e0, 0x00000252574c7f50,
0x00000252574c8c70, 0x00000252574ca020, 0x00000252574c7230, 0x00000252574cad40,
0x00000252574c78c0, 0x00000252574cce10, 0x00000252574cc0f0, 0x00000252574cc780,
0x000002525780f820, 0x0000025261d36940, 0x0000025261d39730, 0x0000025261d39dc0,
0x0000025255c84920, 0x0000025255c84290, 0x0000025255c84fb0, 0x0000025255c85640,
0x0000025255c82ee0, 0x0000025255c897e0, 0x0000025255c869f0, 0x000002525780b680,
0x000002525780a2d0, 0x000002525780aff0, 0x00000252578095b0, 0x000002525780a960,
0x0000025257808f20, 0x000002525780eb00, 0x0000025257809c40, 0x0000025257808200,
0x000002525780bd10, 0x0000025257808890, 0x000002525780dde0, 0x000002525780e470,
0x000002525780c3a0, 0x000002525780ca30, 0x000002525780d0c0, 0x000002525780d750,
0x000002527e0bbe20, 0x000002527e0bf930, 0x000002527e0bd1d0, 0x000002527e0bdef0,
0x000002527e0bc4b0, 0x000002527e0c1a00, 0x000002527e0bffc0
}

Java Threads: ( => current thread )
  0x000002527279f250 JavaThread "main"                              [_thread_blocked, id=36732, stack(0x0000009647600000,0x0000009647700000) (1024K)]
  0x000002527274e860 JavaThread "Reference Handler"          daemon [_thread_blocked, id=44524, stack(0x0000009647a00000,0x0000009647b00000) (1024K)]
  0x000002527b758750 JavaThread "Finalizer"                  daemon [_thread_blocked, id=42160, stack(0x0000009647b00000,0x0000009647c00000) (1024K)]
  0x000002527b75d030 JavaThread "Signal Dispatcher"          daemon [_thread_blocked, id=41544, stack(0x0000009647c00000,0x0000009647d00000) (1024K)]
  0x000002527b77edd0 JavaThread "Attach Listener"            daemon [_thread_blocked, id=41580, stack(0x0000009647d00000,0x0000009647e00000) (1024K)]
  0x000002527b782210 JavaThread "Service Thread"             daemon [_thread_blocked, id=39932, stack(0x0000009647e00000,0x0000009647f00000) (1024K)]
  0x000002527b7885f0 JavaThread "Monitor Deflation Thread"   daemon [_thread_blocked, id=24788, stack(0x0000009647f00000,0x0000009648000000) (1024K)]
=>0x000002527b797200 JavaThread "C2 CompilerThread0"         daemon [_thread_in_native, id=4572, stack(0x0000009648000000,0x0000009648100000) (1024K)]
  0x000002527b79b170 JavaThread "C1 CompilerThread0"         daemon [_thread_blocked, id=7560, stack(0x0000009648100000,0x0000009648200000) (1024K)]
  0x000002527b92ec00 JavaThread "Common-Cleaner"             daemon [_thread_blocked, id=30732, stack(0x0000009648300000,0x0000009648400000) (1024K)]
  0x000002527d4d7610 JavaThread "Notification Thread"        daemon [_thread_blocked, id=39612, stack(0x0000009648800000,0x0000009648900000) (1024K)]
  0x000002527ded3fc0 JavaThread "Active Thread: Equinox Container: 1b6e18dd-01f5-4b96-8f51-5693c0a8021d"        [_thread_blocked, id=33156, stack(0x0000009649000000,0x0000009649100000) (1024K)]
  0x000002527dc9f290 JavaThread "Refresh Thread: Equinox Container: 1b6e18dd-01f5-4b96-8f51-5693c0a8021d" daemon [_thread_blocked, id=41504, stack(0x0000009649200000,0x0000009649300000) (1024K)]
  0x000002527dc71530 JavaThread "Framework Event Dispatcher: Equinox Container: 1b6e18dd-01f5-4b96-8f51-5693c0a8021d" daemon [_thread_blocked, id=28200, stack(0x0000009649300000,0x0000009649400000) (1024K)]
  0x000002527e174830 JavaThread "Start Level: Equinox Container: 1b6e18dd-01f5-4b96-8f51-5693c0a8021d" daemon [_thread_blocked, id=1076, stack(0x0000009649400000,0x0000009649500000) (1024K)]
  0x000002527e79d6b0 JavaThread "Bundle File Closer"         daemon [_thread_blocked, id=43064, stack(0x0000009649500000,0x0000009649600000) (1024K)]
  0x000002527ddfbad0 JavaThread "SCR Component Actor"        daemon [_thread_blocked, id=45476, stack(0x0000009649900000,0x0000009649a00000) (1024K)]
  0x000002527df6cea0 JavaThread "Worker-JM"                         [_thread_blocked, id=22972, stack(0x0000009649c00000,0x0000009649d00000) (1024K)]
  0x000002527df6c810 JavaThread "JNA Cleaner"                daemon [_thread_blocked, id=23988, stack(0x0000009649e00000,0x0000009649f00000) (1024K)]
  0x000002527df6c180 JavaThread "Java indexing"              daemon [_thread_blocked, id=22868, stack(0x000000964a400000,0x000000964a500000) (1024K)]
  0x000002527df6add0 JavaThread "Thread-2"                   daemon [_thread_in_native, id=26820, stack(0x000000964a900000,0x000000964aa00000) (1024K)]
  0x000002527df6baf0 JavaThread "Thread-3"                   daemon [_thread_in_native, id=41392, stack(0x000000964aa00000,0x000000964ab00000) (1024K)]
  0x000002525570faf0 JavaThread "Thread-4"                   daemon [_thread_in_native, id=38308, stack(0x000000964ab00000,0x000000964ac00000) (1024K)]
  0x000002525570edd0 JavaThread "Thread-5"                   daemon [_thread_blocked, id=28232, stack(0x000000964ac00000,0x000000964ad00000) (1024K)]
  0x000002525570c670 JavaThread "Thread-6"                   daemon [_thread_in_native, id=8060, stack(0x000000964ad00000,0x000000964ae00000) (1024K)]
  0x000002525570cd00 JavaThread "Thread-7"                   daemon [_thread_in_native, id=27496, stack(0x000000964ae00000,0x000000964af00000) (1024K)]
  0x000002525570d390 JavaThread "Thread-8"                   daemon [_thread_in_native, id=45984, stack(0x000000964af00000,0x000000964b000000) (1024K)]
  0x000002525570f460 JavaThread "Thread-9"                   daemon [_thread_in_native, id=22340, stack(0x000000964b000000,0x000000964b100000) (1024K)]
  0x000002525570da20 JavaThread "Thread-10"                  daemon [_thread_in_native, id=22604, stack(0x000000964b100000,0x000000964b200000) (1024K)]
  0x000002525570e0b0 JavaThread "Thread-11"                  daemon [_thread_in_native, id=41488, stack(0x000000964b200000,0x000000964b300000) (1024K)]
  0x000002525570e740 JavaThread "Thread-12"                  daemon [_thread_in_native, id=9988, stack(0x000000964b300000,0x000000964b400000) (1024K)]
  0x00000252574ca6b0 JavaThread "Thread-13"                  daemon [_thread_in_native, id=41448, stack(0x000000964b400000,0x000000964b500000) (1024K)]
  0x00000252574c9990 JavaThread "Thread-14"                  daemon [_thread_in_native, id=19984, stack(0x000000964b500000,0x000000964b600000) (1024K)]
  0x00000252574c9300 JavaThread "Thread-15"                  daemon [_thread_in_native, id=25256, stack(0x000000964b600000,0x000000964b700000) (1024K)]
  0x00000252574c85e0 JavaThread "Thread-16"                  daemon [_thread_in_native, id=42708, stack(0x000000964b700000,0x000000964b800000) (1024K)]
  0x00000252574c7f50 JavaThread "Thread-17"                  daemon [_thread_in_native, id=33660, stack(0x000000964b800000,0x000000964b900000) (1024K)]
  0x00000252574c8c70 JavaThread "Thread-18"                  daemon [_thread_in_native, id=45968, stack(0x000000964b900000,0x000000964ba00000) (1024K)]
  0x00000252574ca020 JavaThread "Thread-19"                  daemon [_thread_in_native, id=32492, stack(0x000000964ba00000,0x000000964bb00000) (1024K)]
  0x00000252574c7230 JavaThread "Thread-20"                  daemon [_thread_in_native, id=45672, stack(0x000000964bb00000,0x000000964bc00000) (1024K)]
  0x00000252574cad40 JavaThread "Thread-21"                  daemon [_thread_in_native, id=42600, stack(0x000000964bc00000,0x000000964bd00000) (1024K)]
  0x00000252574c78c0 JavaThread "Thread-22"                  daemon [_thread_in_native, id=38676, stack(0x000000964bd00000,0x000000964be00000) (1024K)]
  0x00000252574cce10 JavaThread "pool-2-thread-1"                   [_thread_blocked, id=37512, stack(0x000000964be00000,0x000000964bf00000) (1024K)]
  0x00000252574cc0f0 JavaThread "WorkspaceEventsHandler"            [_thread_blocked, id=39432, stack(0x000000964c700000,0x000000964c800000) (1024K)]
  0x00000252574cc780 JavaThread "pool-1-thread-1"                   [_thread_blocked, id=2316, stack(0x000000964c800000,0x000000964c900000) (1024K)]
  0x000002525780f820 JavaThread "Cleaner-0"                  daemon [_thread_blocked, id=45304, stack(0x0000009647300000,0x0000009647400000) (1024K)]
  0x0000025261d36940 JavaThread "Java Debug Server"          daemon [_thread_in_native, id=13352, stack(0x000000964a500000,0x000000964a600000) (1024K)]
  0x0000025261d39730 JavaThread "RxSchedulerPurge-1"         daemon [_thread_blocked, id=41700, stack(0x000000964a700000,0x000000964a800000) (1024K)]
  0x0000025261d39dc0 JavaThread "RxCachedWorkerPoolEvictor-1" daemon [_thread_blocked, id=25220, stack(0x000000964c300000,0x000000964c400000) (1024K)]
  0x0000025255c84920 JavaThread "Worker-56"                         [_thread_blocked, id=22712, stack(0x0000009647400000,0x0000009647500000) (1024K)]
  0x0000025255c84290 JavaThread "ForkJoinPool.commonPool-worker-63" daemon [_thread_blocked, id=52420, stack(0x0000009648400000,0x0000009648500000) (1024K)]
  0x0000025255c84fb0 JavaThread "ForkJoinPool.commonPool-worker-64" daemon [_thread_blocked, id=51736, stack(0x0000009648600000,0x0000009648700000) (1024K)]
  0x0000025255c85640 JavaThread "ForkJoinPool.commonPool-worker-65" daemon [_thread_blocked, id=46224, stack(0x0000009648700000,0x0000009648800000) (1024K)]
  0x0000025255c82ee0 JavaThread "ForkJoinPool.commonPool-worker-66" daemon [_thread_blocked, id=50324, stack(0x0000009649a00000,0x0000009649b00000) (1024K)]
  0x0000025255c897e0 JavaThread "ForkJoinPool.commonPool-worker-68" daemon [_thread_blocked, id=11212, stack(0x000000964a000000,0x000000964a100000) (1024K)]
  0x0000025255c869f0 JavaThread "ForkJoinPool.commonPool-worker-69" daemon [_thread_blocked, id=43604, stack(0x000000964a100000,0x000000964a200000) (1024K)]
  0x000002525780b680 JavaThread "ForkJoinPool.commonPool-worker-70" daemon [_thread_blocked, id=21876, stack(0x000000964a200000,0x000000964a300000) (1024K)]
  0x000002525780a2d0 JavaThread "ForkJoinPool.commonPool-worker-71" daemon [_thread_blocked, id=12832, stack(0x000000964a300000,0x000000964a400000) (1024K)]
  0x000002525780aff0 JavaThread "ForkJoinPool.commonPool-worker-72" daemon [_thread_blocked, id=51024, stack(0x000000964a600000,0x000000964a700000) (1024K)]
  0x00000252578095b0 JavaThread "ForkJoinPool.commonPool-worker-73" daemon [_thread_blocked, id=25088, stack(0x000000964a800000,0x000000964a900000) (1024K)]
  0x000002525780a960 JavaThread "ForkJoinPool.commonPool-worker-74" daemon [_thread_blocked, id=32872, stack(0x000000964bf00000,0x000000964c000000) (1024K)]
  0x0000025257808f20 JavaThread "Worker-59"                         [_thread_blocked, id=40708, stack(0x000000964c600000,0x000000964c700000) (1024K)]
  0x000002525780eb00 JavaThread "ForkJoinPool.commonPool-worker-77" daemon [_thread_blocked, id=9712, stack(0x000000964cb00000,0x000000964cc00000) (1024K)]
  0x0000025257809c40 JavaThread "ForkJoinPool.commonPool-worker-79" daemon [_thread_blocked, id=46612, stack(0x0000009647500000,0x0000009647600000) (1024K)]
  0x0000025257808200 JavaThread "ForkJoinPool.commonPool-worker-80" daemon [_thread_blocked, id=49700, stack(0x0000009648200000,0x0000009648300000) (1024K)]
  0x000002525780bd10 JavaThread "ForkJoinPool.commonPool-worker-81" daemon [_thread_blocked, id=50780, stack(0x0000009649f00000,0x000000964a000000) (1024K)]
  0x0000025257808890 JavaThread "ForkJoinPool.commonPool-worker-82" daemon [_thread_blocked, id=20176, stack(0x000000964c000000,0x000000964c100000) (1024K)]
  0x000002525780dde0 JavaThread "ForkJoinPool.commonPool-worker-84" daemon [_thread_blocked, id=51660, stack(0x000000964c100000,0x000000964c200000) (1024K)]
  0x000002525780e470 JavaThread "ForkJoinPool.commonPool-worker-83" daemon [_thread_blocked, id=2100, stack(0x000000964c200000,0x000000964c300000) (1024K)]
  0x000002525780c3a0 JavaThread "ForkJoinPool.commonPool-worker-85" daemon [_thread_blocked, id=22388, stack(0x000000964c400000,0x000000964c500000) (1024K)]
  0x000002525780ca30 JavaThread "pool-1-thread-16"                  [_thread_blocked, id=49484, stack(0x000000964c500000,0x000000964c600000) (1024K)]
  0x000002525780d0c0 JavaThread "Worker-60"                         [_thread_blocked, id=23584, stack(0x000000964d300000,0x000000964d400000) (1024K)]
  0x000002525780d750 JavaThread "Compiler Source File Reader" daemon [_thread_blocked, id=48936, stack(0x000000964c900000,0x000000964ca00000) (1024K)]
  0x000002527e0bbe20 JavaThread "Compiler Processing Task"   daemon [_thread_blocked, id=29744, stack(0x000000964ca00000,0x000000964cb00000) (1024K)]
  0x000002527e0bf930 JavaThread "Compiler Source File Reader" daemon [_thread_blocked, id=24616, stack(0x000000964cc00000,0x000000964cd00000) (1024K)]
  0x000002527e0bd1d0 JavaThread "Worker-61"                         [_thread_blocked, id=39716, stack(0x000000964cd00000,0x000000964ce00000) (1024K)]
  0x000002527e0bdef0 JavaThread "Compiler Source File Reader" daemon [_thread_blocked, id=44680, stack(0x000000964ce00000,0x000000964cf00000) (1024K)]
  0x000002527e0bc4b0 JavaThread "Compiler Source File Reader" daemon [_thread_blocked, id=50492, stack(0x000000964d100000,0x000000964d200000) (1024K)]
  0x000002527e0c1a00 JavaThread "Worker-62"                         [_thread_blocked, id=19140, stack(0x000000964cf00000,0x000000964d000000) (1024K)]
  0x000002527e0bffc0 JavaThread "Compiler Source File Reader" daemon [_thread_blocked, id=23236, stack(0x000000964d000000,0x000000964d100000) (1024K)]
Total: 79

Other Threads:
  0x0000025272734930 VMThread "VM Thread"                           [id=45020, stack(0x0000009647900000,0x0000009647a00000) (1024K)]
  0x000002527262c210 WatcherThread "VM Periodic Task Thread"        [id=41912, stack(0x0000009647800000,0x0000009647900000) (1024K)]
  0x00000252727be770 WorkerThread "GC Thread#0"                     [id=40972, stack(0x0000009647700000,0x0000009647800000) (1024K)]
  0x000002527dcaa9b0 WorkerThread "GC Thread#1"                     [id=15500, stack(0x0000009648a00000,0x0000009648b00000) (1024K)]
  0x000002527dd5dbb0 WorkerThread "GC Thread#2"                     [id=40220, stack(0x0000009648b00000,0x0000009648c00000) (1024K)]
  0x000002527dd5df50 WorkerThread "GC Thread#3"                     [id=40344, stack(0x0000009648c00000,0x0000009648d00000) (1024K)]
  0x000002527dd5e2f0 WorkerThread "GC Thread#4"                     [id=21576, stack(0x0000009648d00000,0x0000009648e00000) (1024K)]
  0x000002527dd5e690 WorkerThread "GC Thread#5"                     [id=38704, stack(0x0000009648e00000,0x0000009648f00000) (1024K)]
  0x000002527dd5ea30 WorkerThread "GC Thread#6"                     [id=23292, stack(0x0000009648f00000,0x0000009649000000) (1024K)]
  0x000002527daece20 WorkerThread "GC Thread#7"                     [id=31096, stack(0x0000009649100000,0x0000009649200000) (1024K)]
  0x000002527e094bf0 WorkerThread "GC Thread#8"                     [id=40412, stack(0x0000009649600000,0x0000009649700000) (1024K)]
  0x000002527e094f90 WorkerThread "GC Thread#9"                     [id=19860, stack(0x0000009649700000,0x0000009649800000) (1024K)]
  0x000002527e0956d0 WorkerThread "GC Thread#10"                    [id=30692, stack(0x0000009649800000,0x0000009649900000) (1024K)]
  0x000002527e095e10 WorkerThread "GC Thread#11"                    [id=1604, stack(0x0000009648900000,0x0000009648a00000) (1024K)]
  0x000002527e096550 WorkerThread "GC Thread#12"                    [id=7464, stack(0x0000009649b00000,0x0000009649c00000) (1024K)]
  0x000002527e3647b0 WorkerThread "GC Thread#13"                    [id=18268, stack(0x0000009648500000,0x0000009648600000) (1024K)]
  0x000002527e364410 WorkerThread "GC Thread#14"                    [id=41356, stack(0x0000009649d00000,0x0000009649e00000) (1024K)]
Total: 17

Threads with active compile tasks:
C2 CompilerThread0  174911115 38476       4       org.eclipse.jdt.internal.compiler.parser.Scanner::internalScanIdentifierOrKeyword (5081 bytes)
Total: 1

VM state: at safepoint (normal execution)

VM Mutex/Monitor currently owned by a thread:  ([mutex/lock_event])
[0x00007ffd3b39e380] Threads_lock - owner thread: 0x0000025272734930
[0x00007ffd3b39e480] Heap_lock - owner thread: 0x000002525780ca30

Heap address: 0x0000000080000000, size: 2048 MB, Compressed Oops mode: 32-bit

CDS archive(s) mapped at: [0x000002520f000000-0x000002520fba0000-0x000002520fba0000), size 12189696, SharedBaseAddress: 0x000002520f000000, ArchiveRelocationMode: 1.
Compressed class space mapped at: 0x0000025210000000-0x0000025250000000, reserved size: 1073741824
Narrow klass base: 0x000002520f000000, Narrow klass shift: 0, Narrow klass range: 0x100000000

GC Precious Log:
 CardTable entry size: 512
 CPUs: 20 total, 20 available
 Memory: 32472M
 Large Page Support: Disabled
 NUMA Support: Disabled
 Compressed Oops: Enabled (32-bit)
 Alignments: Space 512K, Generation 512K, Heap 2M
 Heap Min Capacity: 100M
 Heap Initial Capacity: 100M
 Heap Max Capacity: 2G
 Pre-touch: Disabled
 Parallel Workers: 15

Heap:
 PSYoungGen      total 8192K, used 486K [0x00000000d5580000, 0x00000000d5e00000, 0x0000000100000000)
  eden space 7680K, 0% used [0x00000000d5580000,0x00000000d5580000,0x00000000d5d00000)
  from space 512K, 95% used [0x00000000d5d80000,0x00000000d5df9b40,0x00000000d5e00000)
  to   space 512K, 0% used [0x00000000d5d00000,0x00000000d5d00000,0x00000000d5d80000)
 ParOldGen       total 1229312K, used 1229101K [0x0000000080000000, 0x00000000cb080000, 0x00000000d5580000)
  object space 1229312K, 99% used [0x0000000080000000,0x00000000cb04b5b0,0x00000000cb080000)
 Metaspace       used 106745K, committed 108480K, reserved 1179648K
  class space    used 10221K, committed 11072K, reserved 1048576K

Card table byte_map: [0x0000025272140000,0x0000025272550000] _byte_map_base: 0x0000025271d40000

Marking Bits: (ParMarkBitMap*) 0x00007ffd3b3a3260
 Begin Bits: [0x0000025275c40000, 0x0000025277c40000)
 End Bits:   [0x0000025277c40000, 0x0000025279c40000)

Polling page: 0x0000025270620000

Metaspace:

Usage:
  Non-class:     94.26 MB used.
      Class:      9.98 MB used.
       Both:    104.24 MB used.

Virtual space:
  Non-class space:      128.00 MB reserved,      95.12 MB ( 74%) committed,  2 nodes.
      Class space:        1.00 GB reserved,      10.81 MB (  1%) committed,  1 nodes.
             Both:        1.12 GB reserved,     105.94 MB (  9%) committed. 

Chunk freelists:
   Non-Class:  400.00 KB
       Class:  5.07 MB
        Both:  5.46 MB

MaxMetaspaceSize: unlimited
CompressedClassSpaceSize: 1.00 GB
Initial GC threshold: 21.00 MB
Current GC threshold: 174.81 MB
CDS: on
 - commit_granule_bytes: 65536.
 - commit_granule_words: 8192.
 - virtual_space_node_default_size: 8388608.
 - enlarge_chunks_in_place: 1.
 - use_allocation_guard: 0.


Internal statistics:

num_allocs_failed_limit: 9.
num_arena_births: 2358.
num_arena_deaths: 574.
num_vsnodes_births: 3.
num_vsnodes_deaths: 0.
num_space_committed: 1695.
num_space_uncommitted: 0.
num_chunks_returned_to_freelist: 691.
num_chunks_taken_from_freelist: 7999.
num_chunk_merges: 172.
num_chunk_splits: 4546.
num_chunks_enlarged: 2460.
num_inconsistent_stats: 0.

CodeHeap 'non-profiled nmethods': size=119168Kb used=29620Kb max_used=30171Kb free=89547Kb
 bounds [0x0000025207ba0000, 0x0000025209920000, 0x000002520f000000]
CodeHeap 'profiled nmethods': size=119104Kb used=43412Kb max_used=57957Kb free=75691Kb
 bounds [0x0000025200000000, 0x00000252038b0000, 0x0000025207450000]
CodeHeap 'non-nmethods': size=7488Kb used=1569Kb max_used=3369Kb free=5918Kb
 bounds [0x0000025207450000, 0x00000252077a0000, 0x0000025207ba0000]
 total_blobs=19110 nmethods=18217 adapters=793
 compilation: enabled
              stopped_count=0, restarted_count=0
 full_count=0

Compilation events (20 events):
Event: 174909.617 Thread 0x000002527b797200 nmethod 38466 0x000002520858e990 code [0x000002520858eba0, 0x000002520858f7c8]
Event: 174909.630 Thread 0x000002527b79b170 38467       3       java.lang.StringUTF16::replace (168 bytes)
Event: 174909.630 Thread 0x000002527b79b170 nmethod 38467 0x000002520092c090 code [0x000002520092c2c0, 0x000002520092cc30]
Event: 174909.637 Thread 0x000002527b79b170 38468       3       org.eclipse.jdt.internal.core.BinaryType::isInterface (44 bytes)
Event: 174909.637 Thread 0x000002527b79b170 nmethod 38468 0x00000252035f7690 code [0x00000252035f78a0, 0x00000252035f7ef8]
Event: 174909.639 Thread 0x000002527b797200 38469       4       org.eclipse.jdt.internal.compiler.lookup.PackageBinding::readableName (10 bytes)
Event: 174909.642 Thread 0x000002527b797200 nmethod 38469 0x00000252090aee90 code [0x00000252090af040, 0x00000252090af490]
Event: 174909.642 Thread 0x000002527b797200 38470       4       org.eclipse.jdt.internal.compiler.lookup.CompilationUnitScope::resolveImports (309 bytes)
Event: 174909.644 Thread 0x000002527b79b170 38471       3       com.overzealous.remark.convert.TextCleaner::rtrim (53 bytes)
Event: 174909.644 Thread 0x000002527b79b170 nmethod 38471 0x00000252013fef10 code [0x00000252013ff120, 0x00000252013ff5b8]
Event: 174909.644 Thread 0x000002527b79b170 38472       3       com.overzealous.remark.util.BlockWriter::create (12 bytes)
Event: 174909.644 Thread 0x000002527b79b170 nmethod 38472 0x00000252013fe990 code [0x00000252013feb60, 0x00000252013fee10]
Event: 174909.644 Thread 0x000002527b79b170 38473       3       com.overzealous.remark.util.BlockWriter::create (16 bytes)
Event: 174909.644 Thread 0x000002527b79b170 nmethod 38473 0x00000252013fe510 code [0x00000252013fe6c0, 0x00000252013fe878]
Event: 174909.644 Thread 0x000002527b79b170 38474       3       com.overzealous.remark.util.BlockWriter::toString (24 bytes)
Event: 174909.645 Thread 0x000002527b79b170 nmethod 38474 0x00000252013fde90 code [0x00000252013fe080, 0x00000252013fe398]
Event: 174909.650 Thread 0x000002527b797200 nmethod 38470 0x0000025208103f10 code [0x0000025208104180, 0x00000252081050b0]
Event: 174909.860 Thread 0x000002527b79b170 38475   !   3       org.eclipse.core.internal.resources.Resource::isFiltered (9 bytes)
Event: 174909.860 Thread 0x000002527b79b170 nmethod 38475 0x00000252013fd910 code [0x00000252013fdac0, 0x00000252013fdcd8]
Event: 174910.054 Thread 0x000002527b797200 38476       4       org.eclipse.jdt.internal.compiler.parser.Scanner::internalScanIdentifierOrKeyword (5081 bytes)

GC Heap History (20 events):
Event: 174909.419 GC heap before
{Heap before GC invocations=8825 (full 12):
 PSYoungGen      total 8192K, used 6692K [0x00000000d5580000, 0x00000000d5f00000, 0x0000000100000000)
  eden space 6144K, 100% used [0x00000000d5580000,0x00000000d5b80000,0x00000000d5b80000)
  from space 2048K, 26% used [0x00000000d5b80000,0x00000000d5c09210,0x00000000d5d80000)
  to   space 1024K, 0% used [0x00000000d5e00000,0x00000000d5e00000,0x00000000d5f00000)
 ParOldGen       total 1226752K, used 1226677K [0x0000000080000000, 0x00000000cae00000, 0x00000000d5580000)
  object space 1226752K, 99% used [0x0000000080000000,0x00000000caded4d8,0x00000000cae00000)
 Metaspace       used 106742K, committed 108480K, reserved 1179648K
  class space    used 10221K, committed 11072K, reserved 1048576K
}
Event: 174909.422 GC heap after
{Heap after GC invocations=8825 (full 12):
 PSYoungGen      total 6656K, used 314K [0x00000000d5580000, 0x00000000d5e80000, 0x0000000100000000)
  eden space 6144K, 0% used [0x00000000d5580000,0x00000000d5580000,0x00000000d5b80000)
  from space 512K, 61% used [0x00000000d5e00000,0x00000000d5e4e900,0x00000000d5e80000)
  to   space 512K, 0% used [0x00000000d5d80000,0x00000000d5d80000,0x00000000d5e00000)
 ParOldGen       total 1227264K, used 1226813K [0x0000000080000000, 0x00000000cae80000, 0x00000000d5580000)
  object space 1227264K, 99% used [0x0000000080000000,0x00000000cae0f4d8,0x00000000cae80000)
 Metaspace       used 106742K, committed 108480K, reserved 1179648K
  class space    used 10221K, committed 11072K, reserved 1048576K
}
Event: 174909.593 GC heap before
{Heap before GC invocations=8826 (full 12):
 PSYoungGen      total 6656K, used 6458K [0x00000000d5580000, 0x00000000d5e80000, 0x0000000100000000)
  eden space 6144K, 100% used [0x00000000d5580000,0x00000000d5b80000,0x00000000d5b80000)
  from space 512K, 61% used [0x00000000d5e00000,0x00000000d5e4e900,0x00000000d5e80000)
  to   space 512K, 0% used [0x00000000d5d80000,0x00000000d5d80000,0x00000000d5e00000)
 ParOldGen       total 1227264K, used 1226813K [0x0000000080000000, 0x00000000cae80000, 0x00000000d5580000)
  object space 1227264K, 99% used [0x0000000080000000,0x00000000cae0f4d8,0x00000000cae80000)
 Metaspace       used 106743K, committed 108480K, reserved 1179648K
  class space    used 10221K, committed 11072K, reserved 1048576K
}
Event: 174909.595 GC heap after
{Heap after GC invocations=8826 (full 12):
 PSYoungGen      total 6656K, used 487K [0x00000000d5580000, 0x00000000d5e80000, 0x0000000100000000)
  eden space 6144K, 0% used [0x00000000d5580000,0x00000000d5580000,0x00000000d5b80000)
  from space 512K, 95% used [0x00000000d5d80000,0x00000000d5df9da8,0x00000000d5e00000)
  to   space 512K, 0% used [0x00000000d5e00000,0x00000000d5e00000,0x00000000d5e80000)
 ParOldGen       total 1227264K, used 1226877K [0x0000000080000000, 0x00000000cae80000, 0x00000000d5580000)
  object space 1227264K, 99% used [0x0000000080000000,0x00000000cae1f4d8,0x00000000cae80000)
 Metaspace       used 106743K, committed 108480K, reserved 1179648K
  class space    used 10221K, committed 11072K, reserved 1048576K
}
Event: 174909.601 GC heap before
{Heap before GC invocations=8827 (full 12):
 PSYoungGen      total 6656K, used 6631K [0x00000000d5580000, 0x00000000d5e80000, 0x0000000100000000)
  eden space 6144K, 100% used [0x00000000d5580000,0x00000000d5b80000,0x00000000d5b80000)
  from space 512K, 95% used [0x00000000d5d80000,0x00000000d5df9da8,0x00000000d5e00000)
  to   space 512K, 0% used [0x00000000d5e00000,0x00000000d5e00000,0x00000000d5e80000)
 ParOldGen       total 1227264K, used 1226877K [0x0000000080000000, 0x00000000cae80000, 0x00000000d5580000)
  object space 1227264K, 99% used [0x0000000080000000,0x00000000cae1f4d8,0x00000000cae80000)
 Metaspace       used 106743K, committed 108480K, reserved 1179648K
  class space    used 10221K, committed 11072K, reserved 1048576K
}
Event: 174909.603 GC heap after
{Heap after GC invocations=8827 (full 12):
 PSYoungGen      total 6656K, used 512K [0x00000000d5580000, 0x00000000d5e80000, 0x0000000100000000)
  eden space 6144K, 0% used [0x00000000d5580000,0x00000000d5580000,0x00000000d5b80000)
  from space 512K, 100% used [0x00000000d5e00000,0x00000000d5e80000,0x00000000d5e80000)
  to   space 1024K, 0% used [0x00000000d5c80000,0x00000000d5c80000,0x00000000d5d80000)
 ParOldGen       total 1227264K, used 1227184K [0x0000000080000000, 0x00000000cae80000, 0x00000000d5580000)
  object space 1227264K, 99% used [0x0000000080000000,0x00000000cae6c368,0x00000000cae80000)
 Metaspace       used 106743K, committed 108480K, reserved 1179648K
  class space    used 10221K, committed 11072K, reserved 1048576K
}
Event: 174909.609 GC heap before
{Heap before GC invocations=8828 (full 12):
 PSYoungGen      total 6656K, used 5502K [0x00000000d5580000, 0x00000000d5e80000, 0x0000000100000000)
  eden space 6144K, 81% used [0x00000000d5580000,0x00000000d5a5f8c8,0x00000000d5b80000)
  from space 512K, 100% used [0x00000000d5e00000,0x00000000d5e80000,0x00000000d5e80000)
  to   space 1024K, 0% used [0x00000000d5c80000,0x00000000d5c80000,0x00000000d5d80000)
 ParOldGen       total 1227264K, used 1227184K [0x0000000080000000, 0x00000000cae80000, 0x00000000d5580000)
  object space 1227264K, 99% used [0x0000000080000000,0x00000000cae6c368,0x00000000cae80000)
 Metaspace       used 106744K, committed 108480K, reserved 1179648K
  class space    used 10221K, committed 11072K, reserved 1048576K
}
Event: 174909.610 GC heap after
{Heap after GC invocations=8828 (full 12):
 PSYoungGen      total 7168K, used 755K [0x00000000d5580000, 0x00000000d5e80000, 0x0000000100000000)
  eden space 6144K, 0% used [0x00000000d5580000,0x00000000d5580000,0x00000000d5b80000)
  from space 1024K, 73% used [0x00000000d5c80000,0x00000000d5d3ce60,0x00000000d5d80000)
  to   space 1024K, 0% used [0x00000000d5d80000,0x00000000d5d80000,0x00000000d5e80000)
 ParOldGen       total 1227776K, used 1227601K [0x0000000080000000, 0x00000000caf00000, 0x00000000d5580000)
  object space 1227776K, 99% used [0x0000000080000000,0x00000000caed4538,0x00000000caf00000)
 Metaspace       used 106744K, committed 108480K, reserved 1179648K
  class space    used 10221K, committed 11072K, reserved 1048576K
}
Event: 174909.615 GC heap before
{Heap before GC invocations=8829 (full 12):
 PSYoungGen      total 7168K, used 6894K [0x00000000d5580000, 0x00000000d5e80000, 0x0000000100000000)
  eden space 6144K, 99% used [0x00000000d5580000,0x00000000d5b7eb28,0x00000000d5b80000)
  from space 1024K, 73% used [0x00000000d5c80000,0x00000000d5d3ce60,0x00000000d5d80000)
  to   space 1024K, 0% used [0x00000000d5d80000,0x00000000d5d80000,0x00000000d5e80000)
 ParOldGen       total 1227776K, used 1227601K [0x0000000080000000, 0x00000000caf00000, 0x00000000d5580000)
  object space 1227776K, 99% used [0x0000000080000000,0x00000000caed4538,0x00000000caf00000)
 Metaspace       used 106744K, committed 108480K, reserved 1179648K
  class space    used 10221K, committed 11072K, reserved 1048576K
}
Event: 174909.616 GC heap after
{Heap after GC invocations=8829 (full 12):
 PSYoungGen      total 7168K, used 544K [0x00000000d5580000, 0x00000000d5e80000, 0x0000000100000000)
  eden space 6144K, 0% used [0x00000000d5580000,0x00000000d5580000,0x00000000d5b80000)
  from space 1024K, 53% used [0x00000000d5d80000,0x00000000d5e08000,0x00000000d5e80000)
  to   space 1024K, 0% used [0x00000000d5c80000,0x00000000d5c80000,0x00000000d5d80000)
 ParOldGen       total 1228288K, used 1228130K [0x0000000080000000, 0x00000000caf80000, 0x00000000d5580000)
  object space 1228288K, 99% used [0x0000000080000000,0x00000000caf58a88,0x00000000caf80000)
 Metaspace       used 106744K, committed 108480K, reserved 1179648K
  class space    used 10221K, committed 11072K, reserved 1048576K
}
Event: 174909.623 GC heap before
{Heap before GC invocations=8830 (full 12):
 PSYoungGen      total 7168K, used 5091K [0x00000000d5580000, 0x00000000d5e80000, 0x0000000100000000)
  eden space 6144K, 74% used [0x00000000d5580000,0x00000000d59f0f40,0x00000000d5b80000)
  from space 1024K, 53% used [0x00000000d5d80000,0x00000000d5e08000,0x00000000d5e80000)
  to   space 1024K, 0% used [0x00000000d5c80000,0x00000000d5c80000,0x00000000d5d80000)
 ParOldGen       total 1228288K, used 1228130K [0x0000000080000000, 0x00000000caf80000, 0x00000000d5580000)
  object space 1228288K, 99% used [0x0000000080000000,0x00000000caf58a88,0x00000000caf80000)
 Metaspace       used 106744K, committed 108480K, reserved 1179648K
  class space    used 10221K, committed 11072K, reserved 1048576K
}
Event: 174909.624 GC heap after
{Heap after GC invocations=8830 (full 12):
 PSYoungGen      total 7168K, used 712K [0x00000000d5580000, 0x00000000d5e00000, 0x0000000100000000)
  eden space 6144K, 0% used [0x00000000d5580000,0x00000000d5580000,0x00000000d5b80000)
  from space 1024K, 69% used [0x00000000d5c80000,0x00000000d5d320e8,0x00000000d5d80000)
  to   space 512K, 0% used [0x00000000d5d80000,0x00000000d5d80000,0x00000000d5e00000)
 ParOldGen       total 1228800K, used 1228530K [0x0000000080000000, 0x00000000cb000000, 0x00000000d5580000)
  object space 1228800K, 99% used [0x0000000080000000,0x00000000cafbca88,0x00000000cb000000)
 Metaspace       used 106744K, committed 108480K, reserved 1179648K
  class space    used 10221K, committed 11072K, reserved 1048576K
}
Event: 174909.628 GC heap before
{Heap before GC invocations=8831 (full 12):
 PSYoungGen      total 7168K, used 6840K [0x00000000d5580000, 0x00000000d5e00000, 0x0000000100000000)
  eden space 6144K, 99% used [0x00000000d5580000,0x00000000d5b7c308,0x00000000d5b80000)
  from space 1024K, 69% used [0x00000000d5c80000,0x00000000d5d320e8,0x00000000d5d80000)
  to   space 512K, 0% used [0x00000000d5d80000,0x00000000d5d80000,0x00000000d5e00000)
 ParOldGen       total 1228800K, used 1228530K [0x0000000080000000, 0x00000000cb000000, 0x00000000d5580000)
  object space 1228800K, 99% used [0x0000000080000000,0x00000000cafbca88,0x00000000cb000000)
 Metaspace       used 106744K, committed 108480K, reserved 1179648K
  class space    used 10221K, committed 11072K, reserved 1048576K
}
Event: 174909.629 GC heap after
{Heap after GC invocations=8831 (full 12):
 PSYoungGen      total 6656K, used 64K [0x00000000d5580000, 0x00000000d5e00000, 0x0000000100000000)
  eden space 6144K, 0% used [0x00000000d5580000,0x00000000d5580000,0x00000000d5b80000)
  from space 512K, 12% used [0x00000000d5d80000,0x00000000d5d90000,0x00000000d5e00000)
  to   space 512K, 0% used [0x00000000d5d00000,0x00000000d5d00000,0x00000000d5d80000)
 ParOldGen       total 1229312K, used 1228981K [0x0000000080000000, 0x00000000cb080000, 0x00000000d5580000)
  object space 1229312K, 99% used [0x0000000080000000,0x00000000cb02d5b0,0x00000000cb080000)
 Metaspace       used 106744K, committed 108480K, reserved 1179648K
  class space    used 10221K, committed 11072K, reserved 1048576K
}
Event: 174909.634 GC heap before
{Heap before GC invocations=8832 (full 12):
 PSYoungGen      total 6656K, used 6208K [0x00000000d5580000, 0x00000000d5e00000, 0x0000000100000000)
  eden space 6144K, 100% used [0x00000000d5580000,0x00000000d5b80000,0x00000000d5b80000)
  from space 512K, 12% used [0x00000000d5d80000,0x00000000d5d90000,0x00000000d5e00000)
  to   space 512K, 0% used [0x00000000d5d00000,0x00000000d5d00000,0x00000000d5d80000)
 ParOldGen       total 1229312K, used 1228981K [0x0000000080000000, 0x00000000cb080000, 0x00000000d5580000)
  object space 1229312K, 99% used [0x0000000080000000,0x00000000cb02d5b0,0x00000000cb080000)
 Metaspace       used 106744K, committed 108480K, reserved 1179648K
  class space    used 10221K, committed 11072K, reserved 1048576K
}
Event: 174909.635 GC heap after
{Heap after GC invocations=8832 (full 12):
 PSYoungGen      total 6656K, used 442K [0x00000000d5580000, 0x00000000d5e00000, 0x0000000100000000)
  eden space 6144K, 0% used [0x00000000d5580000,0x00000000d5580000,0x00000000d5b80000)
  from space 512K, 86% used [0x00000000d5d00000,0x00000000d5d6e900,0x00000000d5d80000)
  to   space 512K, 0% used [0x00000000d5d80000,0x00000000d5d80000,0x00000000d5e00000)
 ParOldGen       total 1229312K, used 1228981K [0x0000000080000000, 0x00000000cb080000, 0x00000000d5580000)
  object space 1229312K, 99% used [0x0000000080000000,0x00000000cb02d5b0,0x00000000cb080000)
 Metaspace       used 106744K, committed 108480K, reserved 1179648K
  class space    used 10221K, committed 11072K, reserved 1048576K
}
Event: 174909.640 GC heap before
{Heap before GC invocations=8833 (full 12):
 PSYoungGen      total 6656K, used 6586K [0x00000000d5580000, 0x00000000d5e00000, 0x0000000100000000)
  eden space 6144K, 100% used [0x00000000d5580000,0x00000000d5b80000,0x00000000d5b80000)
  from space 512K, 86% used [0x00000000d5d00000,0x00000000d5d6e900,0x00000000d5d80000)
  to   space 512K, 0% used [0x00000000d5d80000,0x00000000d5d80000,0x00000000d5e00000)
 ParOldGen       total 1229312K, used 1228981K [0x0000000080000000, 0x00000000cb080000, 0x00000000d5580000)
  object space 1229312K, 99% used [0x0000000080000000,0x00000000cb02d5b0,0x00000000cb080000)
 Metaspace       used 106744K, committed 108480K, reserved 1179648K
  class space    used 10221K, committed 11072K, reserved 1048576K
}
Event: 174909.641 GC heap after
{Heap after GC invocations=8833 (full 12):
 PSYoungGen      total 8192K, used 378K [0x00000000d5580000, 0x00000000d5e00000, 0x0000000100000000)
  eden space 7680K, 0% used [0x00000000d5580000,0x00000000d5580000,0x00000000d5d00000)
  from space 512K, 73% used [0x00000000d5d80000,0x00000000d5dde900,0x00000000d5e00000)
  to   space 512K, 0% used [0x00000000d5d00000,0x00000000d5d00000,0x00000000d5d80000)
 ParOldGen       total 1229312K, used 1228981K [0x0000000080000000, 0x00000000cb080000, 0x00000000d5580000)
  object space 1229312K, 99% used [0x0000000080000000,0x00000000cb02d5b0,0x00000000cb080000)
 Metaspace       used 106744K, committed 108480K, reserved 1179648K
  class space    used 10221K, committed 11072K, reserved 1048576K
}
Event: 174910.037 GC heap before
{Heap before GC invocations=8834 (full 12):
 PSYoungGen      total 8192K, used 8058K [0x00000000d5580000, 0x00000000d5e00000, 0x0000000100000000)
  eden space 7680K, 100% used [0x00000000d5580000,0x00000000d5d00000,0x00000000d5d00000)
  from space 512K, 73% used [0x00000000d5d80000,0x00000000d5dde900,0x00000000d5e00000)
  to   space 512K, 0% used [0x00000000d5d00000,0x00000000d5d00000,0x00000000d5d80000)
 ParOldGen       total 1229312K, used 1228981K [0x0000000080000000, 0x00000000cb080000, 0x00000000d5580000)
  object space 1229312K, 99% used [0x0000000080000000,0x00000000cb02d5b0,0x00000000cb080000)
 Metaspace       used 106745K, committed 108480K, reserved 1179648K
  class space    used 10221K, committed 11072K, reserved 1048576K
}
Event: 174910.041 GC heap after
{Heap after GC invocations=8834 (full 12):
 PSYoungGen      total 8192K, used 288K [0x00000000d5580000, 0x00000000d5e00000, 0x0000000100000000)
  eden space 7680K, 0% used [0x00000000d5580000,0x00000000d5580000,0x00000000d5d00000)
  from space 512K, 56% used [0x00000000d5d00000,0x00000000d5d48000,0x00000000d5d80000)
  to   space 512K, 0% used [0x00000000d5d80000,0x00000000d5d80000,0x00000000d5e00000)
 ParOldGen       total 1229312K, used 1229037K [0x0000000080000000, 0x00000000cb080000, 0x00000000d5580000)
  object space 1229312K, 99% used [0x0000000080000000,0x00000000cb03b5b0,0x00000000cb080000)
 Metaspace       used 106745K, committed 108480K, reserved 1179648K
  class space    used 10221K, committed 11072K, reserved 1048576K
}

Dll operation events (12 events):
Event: 0.008 Loaded shared library c:\Users\kocot\.vscode\extensions\redhat.java-1.41.1-win32-x64\jre\21.0.6-win32-x86_64\bin\java.dll
Event: 0.053 Loaded shared library c:\Users\kocot\.vscode\extensions\redhat.java-1.41.1-win32-x64\jre\21.0.6-win32-x86_64\bin\zip.dll
Event: 0.065 Loaded shared library C:\Users\kocot\.vscode\extensions\redhat.java-1.41.1-win32-x64\jre\21.0.6-win32-x86_64\bin\instrument.dll
Event: 0.068 Loaded shared library C:\Users\kocot\.vscode\extensions\redhat.java-1.41.1-win32-x64\jre\21.0.6-win32-x86_64\bin\net.dll
Event: 0.069 Loaded shared library C:\Users\kocot\.vscode\extensions\redhat.java-1.41.1-win32-x64\jre\21.0.6-win32-x86_64\bin\nio.dll
Event: 0.071 Loaded shared library C:\Users\kocot\.vscode\extensions\redhat.java-1.41.1-win32-x64\jre\21.0.6-win32-x86_64\bin\zip.dll
Event: 0.083 Loaded shared library C:\Users\kocot\.vscode\extensions\redhat.java-1.41.1-win32-x64\jre\21.0.6-win32-x86_64\bin\jimage.dll
Event: 0.129 Loaded shared library c:\Users\kocot\.vscode\extensions\redhat.java-1.41.1-win32-x64\jre\21.0.6-win32-x86_64\bin\verify.dll
Event: 0.875 Loaded shared library C:\Users\kocot\AppData\Roaming\Code\User\globalStorage\redhat.java\1.41.1\config_win\org.eclipse.equinox.launcher\org.eclipse.equinox.launcher.win32.win32.x86_64_1.2.1300.v20250331-1702\eclipse_11911.dll
Event: 2.097 Loaded shared library C:\Users\kocot\AppData\Local\Temp\jna-102222244\jna5690413515314898078.dll
Event: 3.294 Loaded shared library C:\Users\kocot\.vscode\extensions\redhat.java-1.41.1-win32-x64\jre\21.0.6-win32-x86_64\bin\sunmscapi.dll
Event: 3.606 Loaded shared library C:\Users\kocot\.vscode\extensions\redhat.java-1.41.1-win32-x64\jre\21.0.6-win32-x86_64\bin\extnet.dll

Deoptimization events (20 events):
Event: 174905.464 Thread 0x000002525780b680 Uncommon trap: trap_request=0xffffffd6 fr.pc=0x000002520983dae4 relative=0x0000000000001984
Event: 174905.464 Thread 0x000002525780b680 Uncommon trap: reason=array_check action=maybe_recompile pc=0x000002520983dae4 method=org.eclipse.core.internal.localstore.FileSystemResourceManager.allResourcesFor(Ljava/net/URI;ZI)[Lorg/eclipse/core/resources/IResource; @ 188 c2
Event: 174905.464 Thread 0x000002525780b680 DEOPT PACKING pc=0x000002520983dae4 sp=0x000000964a2feaa0
Event: 174905.464 Thread 0x000002525780b680 DEOPT UNPACKING pc=0x00000252074a3aa2 sp=0x000000964a2fea70 mode 2
Event: 174909.590 Thread 0x000002525780ca30 Uncommon trap: trap_request=0xffffff45 fr.pc=0x000002520822ccb0 relative=0x00000000000046d0
Event: 174909.590 Thread 0x000002525780ca30 Uncommon trap: reason=unstable_if action=reinterpret pc=0x000002520822ccb0 method=org.eclipse.jdt.internal.compiler.parser.Scanner.internalScanIdentifierOrKeyword(II[C)Lorg/eclipse/jdt/internal/compiler/parser/TerminalToken; @ 5007 c2
Event: 174909.590 Thread 0x000002525780ca30 DEOPT PACKING pc=0x000002520822ccb0 sp=0x000000964c5fea80
Event: 174909.590 Thread 0x000002525780ca30 DEOPT UNPACKING pc=0x00000252074a3aa2 sp=0x000000964c5fea38 mode 2
Event: 174909.591 Thread 0x000002525780ca30 Uncommon trap: trap_request=0xffffffbe fr.pc=0x00000252097bd2ac relative=0x000000000000454c
Event: 174909.591 Thread 0x000002525780ca30 Uncommon trap: reason=profile_predicate action=maybe_recompile pc=0x00000252097bd2ac method=org.eclipse.jdt.internal.compiler.parser.AbstractCommentParser.commentParse()Z @ 2015 c2
Event: 174909.591 Thread 0x000002525780ca30 DEOPT PACKING pc=0x00000252097bd2ac sp=0x000000964c5fe5a0
Event: 174909.591 Thread 0x000002525780ca30 DEOPT UNPACKING pc=0x00000252074a3aa2 sp=0x000000964c5fe5b8 mode 2
Event: 174909.606 Thread 0x000002525780ca30 Uncommon trap: trap_request=0xffffff45 fr.pc=0x000002520990ecd0 relative=0x0000000000000dd0
Event: 174909.606 Thread 0x000002525780ca30 Uncommon trap: reason=unstable_if action=reinterpret pc=0x000002520990ecd0 method=org.eclipse.jdt.internal.compiler.parser.Parser.consumeBinaryExpression(I)V @ 206 c2
Event: 174909.606 Thread 0x000002525780ca30 DEOPT PACKING pc=0x000002520990ecd0 sp=0x000000964c5fe210
Event: 174909.606 Thread 0x000002525780ca30 DEOPT UNPACKING pc=0x00000252074a3aa2 sp=0x000000964c5fe1a8 mode 2
Event: 174909.607 Thread 0x000002525780ca30 Uncommon trap: trap_request=0xffffff66 fr.pc=0x00000252086c9670 relative=0x0000000000000050
Event: 174909.607 Thread 0x000002525780ca30 Uncommon trap: reason=speculate_class_check action=maybe_recompile pc=0x00000252086c9670 method=java.lang.invoke.DirectMethodHandle$Holder.invokeSpecial(Ljava/lang/Object;Ljava/lang/Object;Ljava/lang/Object;)Ljava/lang/Object; @ 11 c2
Event: 174909.607 Thread 0x000002525780ca30 DEOPT PACKING pc=0x00000252086c9670 sp=0x000000964c5fd4a0
Event: 174909.607 Thread 0x000002525780ca30 DEOPT UNPACKING pc=0x00000252074a3aa2 sp=0x000000964c5fd308 mode 2

Classes loaded (20 events):
Event: 385.071 Loading class java/util/concurrent/CompletableFuture$UniCompose
Event: 385.071 Loading class java/util/concurrent/CompletableFuture$UniCompose done
Event: 385.071 Loading class java/util/concurrent/CompletableFuture$UniRelay
Event: 385.072 Loading class java/util/concurrent/CompletableFuture$UniRelay done
Event: 385.992 Loading class java/util/concurrent/ScheduledThreadPoolExecutor$DelayedWorkQueue$Itr
Event: 385.992 Loading class java/util/concurrent/ScheduledThreadPoolExecutor$DelayedWorkQueue$Itr done
Event: 386.182 Loading class jdk/internal/reflect/MethodHandleByteFieldAccessorImpl
Event: 386.183 Loading class jdk/internal/reflect/MethodHandleByteFieldAccessorImpl done
Event: 537.111 Loading class java/util/concurrent/CompletableFuture$AsyncRun
Event: 537.111 Loading class java/util/concurrent/CompletableFuture$AsyncRun done
Event: 903.405 Loading class java/text/AttributedCharacterIterator
Event: 903.416 Loading class java/text/CharacterIterator
Event: 903.416 Loading class java/text/CharacterIterator done
Event: 903.416 Loading class java/text/AttributedCharacterIterator done
Event: 903.503 Loading class java/util/stream/ReduceOps$6
Event: 903.504 Loading class java/util/stream/ReduceOps$6 done
Event: 903.504 Loading class java/util/stream/ReduceOps$5ReducingSink
Event: 903.505 Loading class java/util/stream/ReduceOps$5ReducingSink done
Event: 174461.033 Loading class java/util/Collections$EmptyListIterator
Event: 174461.034 Loading class java/util/Collections$EmptyListIterator done

Classes unloaded (20 events):
Event: 3128.201 Thread 0x0000025272734930 Unloading class 0x0000025210161c00 'java/lang/invoke/LambdaForm$MH+0x0000025210161c00'
Event: 3128.201 Thread 0x0000025272734930 Unloading class 0x0000025210160c00 'java/lang/invoke/LambdaForm$MH+0x0000025210160c00'
Event: 3128.201 Thread 0x0000025272734930 Unloading class 0x0000025210160800 'java/lang/invoke/LambdaForm$MH+0x0000025210160800'
Event: 3128.201 Thread 0x0000025272734930 Unloading class 0x0000025210160000 'java/lang/invoke/LambdaForm$MH+0x0000025210160000'
Event: 3128.201 Thread 0x0000025272734930 Unloading class 0x0000025210094c00 'java/lang/invoke/LambdaForm$MH+0x0000025210094c00'
Event: 3128.201 Thread 0x0000025272734930 Unloading class 0x000002521001bc00 'java/lang/invoke/LambdaForm$MH+0x000002521001bc00'
Event: 3128.201 Thread 0x0000025272734930 Unloading class 0x000002521001b400 'java/lang/invoke/LambdaForm$MH+0x000002521001b400'
Event: 3128.201 Thread 0x0000025272734930 Unloading class 0x000002521001b000 'java/lang/invoke/LambdaForm$MH+0x000002521001b000'
Event: 3128.201 Thread 0x0000025272734930 Unloading class 0x000002521001ac00 'java/lang/invoke/LambdaForm$MH+0x000002521001ac00'
Event: 3128.201 Thread 0x0000025272734930 Unloading class 0x000002521001a800 'java/lang/invoke/LambdaForm$MH+0x000002521001a800'
Event: 3128.201 Thread 0x0000025272734930 Unloading class 0x000002521001a000 'java/lang/invoke/LambdaForm$MH+0x000002521001a000'
Event: 3128.201 Thread 0x0000025272734930 Unloading class 0x0000025210019c00 'java/lang/invoke/LambdaForm$MH+0x0000025210019c00'
Event: 3128.201 Thread 0x0000025272734930 Unloading class 0x0000025210019800 'java/lang/invoke/LambdaForm$MH+0x0000025210019800'
Event: 3128.201 Thread 0x0000025272734930 Unloading class 0x0000025210014800 'java/lang/invoke/LambdaForm$MH+0x0000025210014800'
Event: 3128.201 Thread 0x0000025272734930 Unloading class 0x0000025210000400 'java/lang/invoke/LambdaForm$MH+0x0000025210000400'
Event: 4518.096 Thread 0x0000025272734930 Unloading class 0x0000025210964800 'java/lang/invoke/LambdaForm$MH+0x0000025210964800'
Event: 4518.096 Thread 0x0000025272734930 Unloading class 0x0000025210964400 'java/lang/invoke/LambdaForm$MH+0x0000025210964400'
Event: 4518.096 Thread 0x0000025272734930 Unloading class 0x0000025210964000 'java/lang/invoke/LambdaForm$MH+0x0000025210964000'
Event: 4518.096 Thread 0x0000025272734930 Unloading class 0x00000252101dfc00 'java/lang/invoke/LambdaForm$MH+0x00000252101dfc00'
Event: 4518.096 Thread 0x0000025272734930 Unloading class 0x00000252101d1000 'java/lang/invoke/LambdaForm$MH+0x00000252101d1000'

Classes redefined (0 events):
No events

Internal exceptions (20 events):
Event: 174863.670 Thread 0x00000252574cc780 Exception <a 'java/lang/ArrayIndexOutOfBoundsException'{0x00000000d58edb38}> (0x00000000d58edb38) 
thrown [s\src\hotspot\share\runtime\sharedRuntime.cpp, line 625]
Event: 174864.645 Thread 0x000002525780b680 Exception <a 'java/lang/ArrayIndexOutOfBoundsException'{0x00000000d5ac99d0}> (0x00000000d5ac99d0) 
thrown [s\src\hotspot\share\runtime\sharedRuntime.cpp, line 625]
Event: 174866.424 Thread 0x000002527df6c180 Exception <a 'sun/nio/fs/WindowsException'{0x00000000d55c88c8}> (0x00000000d55c88c8) 
thrown [s\src\hotspot\share\prims\jni.cpp, line 520]
Event: 174866.545 Thread 0x000002527df6c180 Exception <a 'sun/nio/fs/WindowsException'{0x00000000d55f2ad0}> (0x00000000d55f2ad0) 
thrown [s\src\hotspot\share\prims\jni.cpp, line 520]
Event: 174880.879 Thread 0x00000252574cc0f0 Implicit null exception at 0x0000025208cf7491 to 0x0000025208cf7710
Event: 174880.889 Thread 0x00000252574cc0f0 Implicit null exception at 0x000002520823ad5a to 0x000002520823b538
Event: 174895.135 Thread 0x000002527df6c180 Exception <a 'sun/nio/fs/WindowsException'{0x00000000d56d22a0}> (0x00000000d56d22a0) 
thrown [s\src\hotspot\share\prims\jni.cpp, line 520]
Event: 174895.267 Thread 0x000002527df6c180 Exception <a 'sun/nio/fs/WindowsException'{0x00000000d559cdc0}> (0x00000000d559cdc0) 
thrown [s\src\hotspot\share\prims\jni.cpp, line 520]
Event: 174895.270 Thread 0x000002525780c3a0 Implicit null exception at 0x0000025207dd93b1 to 0x0000025207dd96e8
Event: 174895.836 Thread 0x000002527e0bd1d0 Implicit null exception at 0x0000025208ee008d to 0x0000025208ee02a4
Event: 174896.455 Thread 0x000002527df6c180 Exception <a 'sun/nio/fs/WindowsException'{0x00000000d57c0b08}> (0x00000000d57c0b08) 
thrown [s\src\hotspot\share\prims\jni.cpp, line 520]
Event: 174896.581 Thread 0x000002527df6c180 Exception <a 'sun/nio/fs/WindowsException'{0x00000000d55807d0}> (0x00000000d55807d0) 
thrown [s\src\hotspot\share\prims\jni.cpp, line 520]
Event: 174898.470 Thread 0x000002527df6c180 Exception <a 'sun/nio/fs/WindowsException'{0x00000000d58f0ba8}> (0x00000000d58f0ba8) 
thrown [s\src\hotspot\share\prims\jni.cpp, line 520]
Event: 174898.599 Thread 0x000002527df6c180 Exception <a 'sun/nio/fs/WindowsException'{0x00000000d55c6490}> (0x00000000d55c6490) 
thrown [s\src\hotspot\share\prims\jni.cpp, line 520]
Event: 174908.911 Thread 0x00000252574cc780 Exception <a 'java/lang/ArrayIndexOutOfBoundsException'{0x00000000d572e9e0}> (0x00000000d572e9e0) 
thrown [s\src\hotspot\share\runtime\sharedRuntime.cpp, line 625]
Event: 174908.911 Thread 0x00000252574cc780 Exception <a 'java/lang/ArrayIndexOutOfBoundsException'{0x00000000d572f280}> (0x00000000d572f280) 
thrown [s\src\hotspot\share\runtime\sharedRuntime.cpp, line 625]
Event: 174908.911 Thread 0x00000252574cc780 Exception <a 'java/lang/ArrayIndexOutOfBoundsException'{0x00000000d572f610}> (0x00000000d572f610) 
thrown [s\src\hotspot\share\runtime\sharedRuntime.cpp, line 625]
Event: 174909.643 Thread 0x000002525780ca30 Exception <a 'java/lang/ClassNotFoundException'{0x00000000d57dfd30}: sun/net/www/protocol/jdt/Handler> (0x00000000d57dfd30) 
thrown [s\src\hotspot\share\classfile\systemDictionary.cpp, line 312]
Event: 174909.643 Thread 0x000002525780ca30 Exception <a 'java/lang/ClassNotFoundException'{0x00000000d57e1de0}: sun/net/www/protocol/jdt/Handler> (0x00000000d57e1de0) 
thrown [s\src\hotspot\share\classfile\systemDictionary.cpp, line 312]
Event: 174909.644 Thread 0x000002525780ca30 Exception <a 'java/lang/ClassNotFoundException'{0x00000000d57e8860}: sun/net/www/protocol/jdt/Handler> (0x00000000d57e8860) 
thrown [s\src\hotspot\share\classfile\systemDictionary.cpp, line 312]

ZGC Phase Switch (0 events):
No events

VM Operations (20 events):
Event: 174909.419 Executing VM operation: ParallelGCFailedAllocation (Allocation Failure)
Event: 174909.422 Executing VM operation: ParallelGCFailedAllocation (Allocation Failure) done
Event: 174909.593 Executing VM operation: ParallelGCFailedAllocation (Allocation Failure)
Event: 174909.595 Executing VM operation: ParallelGCFailedAllocation (Allocation Failure) done
Event: 174909.601 Executing VM operation: ParallelGCFailedAllocation (Allocation Failure)
Event: 174909.603 Executing VM operation: ParallelGCFailedAllocation (Allocation Failure) done
Event: 174909.609 Executing VM operation: ParallelGCFailedAllocation (Allocation Failure)
Event: 174909.610 Executing VM operation: ParallelGCFailedAllocation (Allocation Failure) done
Event: 174909.615 Executing VM operation: ParallelGCFailedAllocation (Allocation Failure)
Event: 174909.616 Executing VM operation: ParallelGCFailedAllocation (Allocation Failure) done
Event: 174909.622 Executing VM operation: ParallelGCFailedAllocation (Allocation Failure)
Event: 174909.624 Executing VM operation: ParallelGCFailedAllocation (Allocation Failure) done
Event: 174909.628 Executing VM operation: ParallelGCFailedAllocation (Allocation Failure)
Event: 174909.629 Executing VM operation: ParallelGCFailedAllocation (Allocation Failure) done
Event: 174909.634 Executing VM operation: ParallelGCFailedAllocation (Allocation Failure)
Event: 174909.635 Executing VM operation: ParallelGCFailedAllocation (Allocation Failure) done
Event: 174909.640 Executing VM operation: ParallelGCFailedAllocation (Allocation Failure)
Event: 174909.641 Executing VM operation: ParallelGCFailedAllocation (Allocation Failure) done
Event: 174910.037 Executing VM operation: ParallelGCFailedAllocation (Allocation Failure)
Event: 174910.041 Executing VM operation: ParallelGCFailedAllocation (Allocation Failure) done

Memory protections (0 events):
No events

Nmethod flushes (20 events):
Event: 5114.230 Thread 0x0000025272734930 flushing  nmethod 0x00000252031fcf90
Event: 5114.230 Thread 0x0000025272734930 flushing  nmethod 0x0000025203246810
Event: 5114.230 Thread 0x0000025272734930 flushing  nmethod 0x000002520327b010
Event: 5114.230 Thread 0x0000025272734930 flushing  nmethod 0x0000025203281510
Event: 5114.230 Thread 0x0000025272734930 flushing  nmethod 0x0000025203281f90
Event: 5114.230 Thread 0x0000025272734930 flushing  nmethod 0x000002520328e310
Event: 5114.230 Thread 0x0000025272734930 flushing  nmethod 0x0000025203291410
Event: 5114.230 Thread 0x0000025272734930 flushing  nmethod 0x0000025203297790
Event: 5114.230 Thread 0x0000025272734930 flushing  nmethod 0x00000252032cec10
Event: 5114.230 Thread 0x0000025272734930 flushing  nmethod 0x00000252032cfa90
Event: 5114.230 Thread 0x0000025272734930 flushing  nmethod 0x00000252032d2810
Event: 5114.230 Thread 0x0000025272734930 flushing  nmethod 0x00000252032d2d10
Event: 5114.230 Thread 0x0000025272734930 flushing  nmethod 0x00000252034d8890
Event: 5114.230 Thread 0x0000025272734930 flushing  nmethod 0x0000025203597a10
Event: 5114.230 Thread 0x0000025272734930 flushing  nmethod 0x0000025203599a90
Event: 5114.230 Thread 0x0000025272734930 flushing  nmethod 0x00000252035f7690
Event: 5114.230 Thread 0x0000025272734930 flushing  nmethod 0x00000252035f8710
Event: 5114.230 Thread 0x0000025272734930 flushing  nmethod 0x0000025203609890
Event: 5114.230 Thread 0x0000025272734930 flushing osr nmethod 0x0000025203614e10
Event: 5114.230 Thread 0x0000025272734930 flushing  nmethod 0x000002520365a490

Events (20 events):
Event: 174864.441 Thread 0x0000025255e6d340 Thread exited: 0x0000025255e6d340
Event: 174864.444 Thread 0x0000025255e6cc70 Thread exited: 0x0000025255e6cc70
Event: 174864.646 Thread 0x0000025256f8e060 Thread exited: 0x0000025256f8e060
Event: 174864.646 Thread 0x0000025256f8d990 Thread exited: 0x0000025256f8d990
Event: 174865.054 Thread 0x0000025256f8b0b0 Thread exited: 0x0000025256f8b0b0
Event: 174865.677 Thread 0x0000025255e6aa60 Thread exited: 0x0000025255e6aa60
Event: 174865.677 Thread 0x0000025256f89c40 Thread exited: 0x0000025256f89c40
Event: 174865.678 Thread 0x0000025256f8b780 Thread exited: 0x0000025256f8b780
Event: 174866.513 Thread 0x0000025257808f20 Thread added: 0x000002525780d750
Event: 174866.521 Thread 0x0000025257808f20 Thread added: 0x000002527e0bbe20
Event: 174866.527 Thread 0x0000025257808f20 Thread added: 0x000002527e0bf930
Event: 174866.578 Thread 0x0000025255c84920 Thread added: 0x000002527e0bd1d0
Event: 174895.242 Thread 0x0000025257808f20 Thread added: 0x000002527e0bdef0
Event: 174895.273 Thread 0x000002527b79b170 Thread added: 0x0000025255e6cc70
Event: 174895.276 Thread 0x0000025255e6cc70 Thread added: 0x0000025255e6b130
Event: 174896.556 Thread 0x000002527e0bd1d0 Thread added: 0x000002527e0bc4b0
Event: 174896.558 Thread 0x0000025255e6b130 Thread exited: 0x0000025255e6b130
Event: 174896.558 Thread 0x0000025255e6cc70 Thread exited: 0x0000025255e6cc70
Event: 174896.585 Thread 0x000002525780d0c0 Thread added: 0x000002527e0c1a00
Event: 174898.568 Thread 0x000002527e0c1a00 Thread added: 0x000002527e0bffc0


Dynamic libraries:
0x00007ff644620000 - 0x00007ff64462e000 	c:\Users\kocot\.vscode\extensions\redhat.java-1.41.1-win32-x64\jre\21.0.6-win32-x86_64\bin\java.exe
0x00007ffddd3a0000 - 0x00007ffddd603000 	C:\WINDOWS\SYSTEM32\ntdll.dll
0x00007ffddc2a0000 - 0x00007ffddc367000 	C:\WINDOWS\System32\KERNEL32.DLL
0x00007ffddacb0000 - 0x00007ffddb079000 	C:\WINDOWS\System32\KERNELBASE.dll
0x00007ffdda930000 - 0x00007ffddaa7c000 	C:\WINDOWS\System32\ucrtbase.dll
0x00007ffd70600000 - 0x00007ffd7061e000 	c:\Users\kocot\.vscode\extensions\redhat.java-1.41.1-win32-x64\jre\21.0.6-win32-x86_64\bin\VCRUNTIME140.dll
0x00007ffd70a20000 - 0x00007ffd70a38000 	c:\Users\kocot\.vscode\extensions\redhat.java-1.41.1-win32-x64\jre\21.0.6-win32-x86_64\bin\jli.dll
0x00007ffddb6e0000 - 0x00007ffddb8aa000 	C:\WINDOWS\System32\USER32.dll
0x00007ffdb6b40000 - 0x00007ffdb6dd0000 	C:\WINDOWS\WinSxS\amd64_microsoft.windows.common-controls_6595b64144ccf1df_6.0.26100.3323_none_3e088096e3344490\COMCTL32.dll
0x00007ffdda5a0000 - 0x00007ffdda5c7000 	C:\WINDOWS\System32\win32u.dll
0x00007ffddc400000 - 0x00007ffddc4a9000 	C:\WINDOWS\System32\msvcrt.dll
0x00007ffddb8b0000 - 0x00007ffddb8da000 	C:\WINDOWS\System32\GDI32.dll
0x00007ffddb080000 - 0x00007ffddb1b1000 	C:\WINDOWS\System32\gdi32full.dll
0x00007ffddac00000 - 0x00007ffddaca3000 	C:\WINDOWS\System32\msvcp_win.dll
0x00007ffddc0c0000 - 0x00007ffddc0ef000 	C:\WINDOWS\System32\IMM32.DLL
0x00007ffd7ef30000 - 0x00007ffd7ef3c000 	c:\Users\kocot\.vscode\extensions\redhat.java-1.41.1-win32-x64\jre\21.0.6-win32-x86_64\bin\vcruntime140_1.dll
0x00007ffd43c90000 - 0x00007ffd43d1d000 	c:\Users\kocot\.vscode\extensions\redhat.java-1.41.1-win32-x64\jre\21.0.6-win32-x86_64\bin\msvcp140.dll
0x00007ffd3a6f0000 - 0x00007ffd3b480000 	c:\Users\kocot\.vscode\extensions\redhat.java-1.41.1-win32-x64\jre\21.0.6-win32-x86_64\bin\server\jvm.dll
0x00007ffddb8e0000 - 0x00007ffddb992000 	C:\WINDOWS\System32\ADVAPI32.dll
0x00007ffddd250000 - 0x00007ffddd2f6000 	C:\WINDOWS\System32\sechost.dll
0x00007ffddc180000 - 0x00007ffddc296000 	C:\WINDOWS\System32\RPCRT4.dll
0x00007ffddcdf0000 - 0x00007ffddce64000 	C:\WINDOWS\System32\WS2_32.dll
0x00007ffdd9250000 - 0x00007ffdd929e000 	C:\WINDOWS\SYSTEM32\POWRPROF.dll
0x00007ffdc5160000 - 0x00007ffdc5196000 	C:\WINDOWS\SYSTEM32\WINMM.dll
0x00007ffdce350000 - 0x00007ffdce35b000 	C:\WINDOWS\SYSTEM32\VERSION.dll
0x00007ffdd9230000 - 0x00007ffdd9244000 	C:\WINDOWS\SYSTEM32\UMPDC.dll
0x00007ffdd94d0000 - 0x00007ffdd94ea000 	C:\WINDOWS\SYSTEM32\kernel.appcore.dll
0x00007ffd7d9b0000 - 0x00007ffd7d9ba000 	c:\Users\kocot\.vscode\extensions\redhat.java-1.41.1-win32-x64\jre\21.0.6-win32-x86_64\bin\jimage.dll
0x00007ffdd7a90000 - 0x00007ffdd7cd1000 	C:\WINDOWS\SYSTEM32\DBGHELP.DLL
0x00007ffddc970000 - 0x00007ffddccf2000 	C:\WINDOWS\System32\combase.dll
0x00007ffddb4f0000 - 0x00007ffddb5c6000 	C:\WINDOWS\System32\OLEAUT32.dll
0x00007ffdb3590000 - 0x00007ffdb35c9000 	C:\WINDOWS\SYSTEM32\dbgcore.DLL
0x00007ffdda690000 - 0x00007ffdda729000 	C:\WINDOWS\System32\bcryptPrimitives.dll
0x00007ffd7d6d0000 - 0x00007ffd7d6df000 	c:\Users\kocot\.vscode\extensions\redhat.java-1.41.1-win32-x64\jre\21.0.6-win32-x86_64\bin\instrument.dll
0x00007ffd705e0000 - 0x00007ffd705ff000 	c:\Users\kocot\.vscode\extensions\redhat.java-1.41.1-win32-x64\jre\21.0.6-win32-x86_64\bin\java.dll
0x00007ffddb9a0000 - 0x00007ffddc0b5000 	C:\WINDOWS\System32\SHELL32.dll
0x00007ffdda730000 - 0x00007ffdda898000 	C:\WINDOWS\System32\wintypes.dll
0x00007ffdd82c0000 - 0x00007ffdd8b05000 	C:\WINDOWS\SYSTEM32\windows.storage.dll
0x00007ffddcd00000 - 0x00007ffddcdeb000 	C:\WINDOWS\System32\SHCORE.dll
0x00007ffddcef0000 - 0x00007ffddcf4d000 	C:\WINDOWS\System32\shlwapi.dll
0x00007ffdda4b0000 - 0x00007ffdda4df000 	C:\WINDOWS\SYSTEM32\profapi.dll
0x00007ffd705c0000 - 0x00007ffd705d8000 	c:\Users\kocot\.vscode\extensions\redhat.java-1.41.1-win32-x64\jre\21.0.6-win32-x86_64\bin\zip.dll
0x00007ffd77960000 - 0x00007ffd77970000 	C:\Users\kocot\.vscode\extensions\redhat.java-1.41.1-win32-x64\jre\21.0.6-win32-x86_64\bin\net.dll
0x00007ffdd13e0000 - 0x00007ffdd14fe000 	C:\WINDOWS\SYSTEM32\WINHTTP.dll
0x00007ffdd99f0000 - 0x00007ffdd9a5a000 	C:\WINDOWS\system32\mswsock.dll
0x00007ffd70430000 - 0x00007ffd70446000 	C:\Users\kocot\.vscode\extensions\redhat.java-1.41.1-win32-x64\jre\21.0.6-win32-x86_64\bin\nio.dll
0x00007ffd70670000 - 0x00007ffd70680000 	c:\Users\kocot\.vscode\extensions\redhat.java-1.41.1-win32-x64\jre\21.0.6-win32-x86_64\bin\verify.dll
0x00007ffd42610000 - 0x00007ffd42655000 	C:\Users\kocot\AppData\Roaming\Code\User\globalStorage\redhat.java\1.41.1\config_win\org.eclipse.equinox.launcher\org.eclipse.equinox.launcher.win32.win32.x86_64_1.2.1300.v20250331-1702\eclipse_11911.dll
0x00007ffddb1c0000 - 0x00007ffddb355000 	C:\WINDOWS\System32\ole32.dll
0x00007ffdd9c90000 - 0x00007ffdd9cac000 	C:\WINDOWS\SYSTEM32\CRYPTSP.dll
0x00007ffdd9430000 - 0x00007ffdd946a000 	C:\WINDOWS\system32\rsaenh.dll
0x00007ffdd9a90000 - 0x00007ffdd9abb000 	C:\WINDOWS\SYSTEM32\USERENV.dll
0x00007ffdd9ed0000 - 0x00007ffdd9ef6000 	C:\WINDOWS\SYSTEM32\bcrypt.dll
0x00007ffdd9cb0000 - 0x00007ffdd9cbc000 	C:\WINDOWS\SYSTEM32\CRYPTBASE.dll
0x00007ffdd8ee0000 - 0x00007ffdd8f13000 	C:\WINDOWS\SYSTEM32\IPHLPAPI.DLL
0x00007ffddd140000 - 0x00007ffddd14a000 	C:\WINDOWS\System32\NSI.dll
0x00007ffd37d30000 - 0x00007ffd37d79000 	C:\Users\kocot\AppData\Local\Temp\jna-102222244\jna5690413515314898078.dll
0x00007ffddcf50000 - 0x00007ffddcf58000 	C:\WINDOWS\System32\PSAPI.DLL
0x00007ffdd1a50000 - 0x00007ffdd1a6f000 	C:\WINDOWS\SYSTEM32\dhcpcsvc6.DLL
0x00007ffdcf690000 - 0x00007ffdcf6b5000 	C:\WINDOWS\SYSTEM32\dhcpcsvc.DLL
0x00007ffd705b0000 - 0x00007ffd705be000 	C:\Users\kocot\.vscode\extensions\redhat.java-1.41.1-win32-x64\jre\21.0.6-win32-x86_64\bin\sunmscapi.dll
0x00007ffddaa80000 - 0x00007ffddabf7000 	C:\WINDOWS\System32\CRYPT32.dll
0x00007ffdd9e90000 - 0x00007ffdd9ec0000 	C:\WINDOWS\SYSTEM32\ncrypt.dll
0x00007ffdd9e40000 - 0x00007ffdd9e7f000 	C:\WINDOWS\SYSTEM32\NTASN1.dll
0x00007ffdd8f80000 - 0x00007ffdd90a5000 	C:\WINDOWS\SYSTEM32\DNSAPI.dll
0x00007ffdd1a40000 - 0x00007ffdd1a4b000 	C:\Windows\System32\rasadhlp.dll
0x00007ffdca5f0000 - 0x00007ffdca675000 	C:\WINDOWS\System32\fwpuclnt.dll
0x00007ffd70420000 - 0x00007ffd70429000 	C:\Users\kocot\.vscode\extensions\redhat.java-1.41.1-win32-x64\jre\21.0.6-win32-x86_64\bin\extnet.dll

dbghelp: loaded successfully - version: 4.0.5 - missing functions: none
symbol engine: initialized successfully - sym options: 0x614 - pdb path: .;c:\Users\kocot\.vscode\extensions\redhat.java-1.41.1-win32-x64\jre\21.0.6-win32-x86_64\bin;C:\WINDOWS\SYSTEM32;C:\WINDOWS\WinSxS\amd64_microsoft.windows.common-controls_6595b64144ccf1df_6.0.26100.3323_none_3e088096e3344490;c:\Users\kocot\.vscode\extensions\redhat.java-1.41.1-win32-x64\jre\21.0.6-win32-x86_64\bin\server;C:\Users\kocot\AppData\Roaming\Code\User\globalStorage\redhat.java\1.41.1\config_win\org.eclipse.equinox.launcher\org.eclipse.equinox.launcher.win32.win32.x86_64_1.2.1300.v20250331-1702;C:\Users\kocot\AppData\Local\Temp\jna-102222244

VM Arguments:
jvm_args: --add-modules=ALL-SYSTEM --add-opens=java.base/java.util=ALL-UNNAMED --add-opens=java.base/java.lang=ALL-UNNAMED --add-opens=java.base/sun.nio.fs=ALL-UNNAMED -Declipse.application=org.eclipse.jdt.ls.core.id1 -Dosgi.bundles.defaultStartLevel=4 -Declipse.product=org.eclipse.jdt.ls.core.product -Djava.import.generatesMetadataFilesAtProjectRoot=false -DDetectVMInstallationsJob.disabled=true -Dfile.encoding=utf8 -XX:+UseParallelGC -XX:GCTimeRatio=4 -XX:AdaptiveSizePolicyWeight=90 -Dsun.zip.disableMemoryMapping=true -Xmx2G -Xms100m -Xlog:disable -javaagent:c:\Users\kocot\.vscode\extensions\redhat.java-1.41.1-win32-x64\lombok\lombok-1.18.36.jar -XX:+HeapDumpOnOutOfMemoryError -XX:HeapDumpPath=c:\Users\kocot\AppData\Roaming\Code\User\workspaceStorage\6d4e939d2e3e89f7fafb729440e9989e\redhat.java -Daether.dependencyCollector.impl=bf 
java_command: c:\Users\kocot\.vscode\extensions\redhat.java-1.41.1-win32-x64\server\plugins\org.eclipse.equinox.launcher_1.7.0.v20250331-1702.jar -configuration c:\Users\kocot\AppData\Roaming\Code\User\globalStorage\redhat.java\1.41.1\config_win -data c:\Users\kocot\AppData\Roaming\Code\User\workspaceStorage\6d4e939d2e3e89f7fafb729440e9989e\redhat.java\jdt_ws --pipe=\\.\pipe\lsp-c75418ead213dce69821fed2ff4031d4-sock
java_class_path (initial): c:\Users\kocot\.vscode\extensions\redhat.java-1.41.1-win32-x64\server\plugins\org.eclipse.equinox.launcher_1.7.0.v20250331-1702.jar
Launcher Type: SUN_STANDARD

[Global flags]
    uintx AdaptiveSizePolicyWeight                 = 90                                        {product} {command line}
     intx CICompilerCount                          = 12                                        {product} {ergonomic}
    uintx GCTimeRatio                              = 4                                         {product} {command line}
     bool HeapDumpOnOutOfMemoryError               = true                                   {manageable} {command line}
    ccstr HeapDumpPath                             = c:\Users\kocot\AppData\Roaming\Code\User\workspaceStorage\6d4e939d2e3e89f7fafb729440e9989e\redhat.java         {manageable} {command line}
   size_t InitialHeapSize                          = 104857600                                 {product} {command line}
   size_t MaxHeapSize                              = 2147483648                                {product} {command line}
   size_t MaxNewSize                               = 715653120                                 {product} {ergonomic}
   size_t MinHeapDeltaBytes                        = 524288                                    {product} {ergonomic}
   size_t MinHeapSize                              = 104857600                                 {product} {command line}
   size_t NewSize                                  = 34603008                                  {product} {ergonomic}
    uintx NonNMethodCodeHeapSize                   = 7602480                                {pd product} {ergonomic}
    uintx NonProfiledCodeHeapSize                  = 122027880                              {pd product} {ergonomic}
   size_t OldSize                                  = 70254592                                  {product} {ergonomic}
    uintx ProfiledCodeHeapSize                     = 122027880                              {pd product} {ergonomic}
    uintx ReservedCodeCacheSize                    = 251658240                              {pd product} {ergonomic}
     bool SegmentedCodeCache                       = true                                      {product} {ergonomic}
   size_t SoftMaxHeapSize                          = 2147483648                             {manageable} {ergonomic}
     bool UseCompressedOops                        = true                           {product lp64_product} {ergonomic}
     bool UseLargePagesIndividualAllocation        = false                                  {pd product} {ergonomic}
     bool UseParallelGC                            = true                                      {product} {command line}

Logging:
Log output configuration:
 #0: stdout all=off uptime,level,tags foldmultilines=false
 #1: stderr all=off uptime,level,tags foldmultilines=false

Environment Variables:
PATH=C:\Program Files\Common Files\Oracle\Java\javapath;C:\Windows\system32;C:\Windows;C:\Windows\System32\Wbem;C:\Windows\System32\WindowsPowerShell\v1.0\;C:\Windows\System32\OpenSSH\;C:\Program Files (x86)\NVIDIA Corporation\PhysX\Common;C:\WINDOWS\system32;C:\WINDOWS;C:\WINDOWS\System32\Wbem;C:\WINDOWS\System32\WindowsPowerShell\v1.0\;C:\WINDOWS\System32\OpenSSH\;C:\Program Files\Cloudflare\Cloudflare WARP\;C:\Program Files\dotnet\;C:\Program Files\Git\cmd;C:\Users\kocot\AppData\Local\Programs\Python\Python313\Scripts\;C:\Users\kocot\AppData\Local\Programs\Python\Python313\;C:\Users\kocot\AppData\Local\Programs\Python\Launcher\;C:\Users\kocot\AppData\Local\Microsoft\WindowsApps;C:\Users\kocot\AppData\Local\Programs\Microsoft VS Code\bin;C:\msys64\ucrt64\bin;
USERNAME=kocot
OS=Windows_NT
PROCESSOR_IDENTIFIER=Intel64 Family 6 Model 154 Stepping 3, GenuineIntel
TMP=C:\Users\kocot\AppData\Local\Temp
TEMP=C:\Users\kocot\AppData\Local\Temp




Periodic native trim disabled

---------------  S Y S T E M  ---------------

OS:
 Windows 11 , 64 bit Build 26100 (10.0.26100.3323)
OS uptime: 3 days 1:28 hours

CPU: total 20 (initial active 20) (10 cores per cpu, 2 threads per core) family 6 model 154 stepping 3 microcode 0x420, cx8, cmov, fxsr, ht, mmx, 3dnowpref, sse, sse2, sse3, ssse3, sse4.1, sse4.2, popcnt, lzcnt, tsc, tscinvbit, avx, avx2, aes, erms, clmul, bmi1, bmi2, adx, sha, fma, vzeroupper, clflush, clflushopt, clwb, serialize, rdtscp, rdpid, fsrm, f16c, pku, cet_ibt, cet_ss
Processor Information for processor 0
  Max Mhz: 2700, Current Mhz: 1489, Mhz Limit: 2700
Processor Information for processor 1
  Max Mhz: 2700, Current Mhz: 2700, Mhz Limit: 2700
Processor Information for processor 2
  Max Mhz: 2700, Current Mhz: 2700, Mhz Limit: 2700
Processor Information for processor 3
  Max Mhz: 2700, Current Mhz: 1489, Mhz Limit: 2700
Processor Information for processor 4
  Max Mhz: 2700, Current Mhz: 2700, Mhz Limit: 2700
Processor Information for processor 5
  Max Mhz: 2700, Current Mhz: 2700, Mhz Limit: 2700
Processor Information for processor 6
  Max Mhz: 2700, Current Mhz: 2700, Mhz Limit: 2700
Processor Information for processor 7
  Max Mhz: 2700, Current Mhz: 2700, Mhz Limit: 2700
Processor Information for processor 8
  Max Mhz: 2700, Current Mhz: 2700, Mhz Limit: 2700
Processor Information for processor 9
  Max Mhz: 2700, Current Mhz: 2700, Mhz Limit: 2700
Processor Information for processor 10
  Max Mhz: 2700, Current Mhz: 1489, Mhz Limit: 2700
Processor Information for processor 11
  Max Mhz: 2700, Current Mhz: 2700, Mhz Limit: 2700
Processor Information for processor 12
  Max Mhz: 2700, Current Mhz: 1995, Mhz Limit: 1971
Processor Information for processor 13
  Max Mhz: 2700, Current Mhz: 1995, Mhz Limit: 1971
Processor Information for processor 14
  Max Mhz: 2700, Current Mhz: 1995, Mhz Limit: 1971
Processor Information for processor 15
  Max Mhz: 2700, Current Mhz: 1995, Mhz Limit: 1971
Processor Information for processor 16
  Max Mhz: 2700, Current Mhz: 1526, Mhz Limit: 1971
Processor Information for processor 17
  Max Mhz: 2700, Current Mhz: 1995, Mhz Limit: 1971
Processor Information for processor 18
  Max Mhz: 2700, Current Mhz: 1995, Mhz Limit: 1971
Processor Information for processor 19
  Max Mhz: 2700, Current Mhz: 1995, Mhz Limit: 1971

Memory: 4k page, system-wide physical 32472M (11099M free)
TotalPageFile size 63357M (AvailPageFile size 0M)
current process WorkingSet (physical memory assigned to process): 1056M, peak: 1959M
current process commit charge ("private bytes"): 1717M, peak: 1895M

vm_info: OpenJDK 64-Bit Server VM (21.0.6+7-LTS) for windows-amd64 JRE (21.0.6+7-LTS), built on 2025-01-21T00:00:00Z by "admin" with MS VC++ 17.7 (VS2022)

END.
